#
# There is insufficient memory for the Java Runtime Environment to continue.
# Native memory allocation (mmap) failed to map 536870912 bytes for Failed to commit area from 0x0000000600c00000 to 0x0000000620c00000 of length 536870912.
# Possible reasons:
#   The system is out of physical RAM or swap space
#   The process is running with CompressedOops enabled, and the Java Heap may be blocking the growth of the native heap
# Possible solutions:
#   Reduce memory load on the system
#   Increase physical memory or swap space
#   Check if swap backing store is full
#   Decrease Java heap size (-Xmx/-Xms)
#   Decrease number of Java threads
#   Decrease Java thread stack sizes (-Xss)
#   Set larger code cache with -XX:ReservedCodeCacheSize=
# This output file may be truncated or incomplete.
#
#  Out of Memory Error (os_windows.cpp:3386), pid=22452, tid=8328
#
# JRE version:  (11.0.20+8) (build )
# Java VM: OpenJDK 64-Bit Server VM (11.0.20+8-LTS, mixed mode, sharing, tiered, compressed oops, g1 gc, windows-amd64)
# Core dump will be written. Default location: H:\eclipse-workspace\Hotel\hs_err_pid22452.mdmp
#

---------------  S U M M A R Y ------------

Command Line: -Dfile.encoding=UTF-8 Tester

Host: AMD EPYC 7763 64-Core Processor                , 8 cores, 31G,  Windows Server 2019 , 64 bit Build 19041 (10.0.19041.3636)
Time: Thu Feb 29 21:24:21 2024 GMT Standard Time elapsed time: 0.061822 seconds (0d 0h 0m 0s)

---------------  T H R E A D  ---------------

Current thread (0x000002a1823a6000):  JavaThread "Unknown thread" [_thread_in_vm, id=8328, stack(0x000000ee59f00000,0x000000ee5a000000)]

Stack: [0x000000ee59f00000,0x000000ee5a000000]
Native frames: (J=compiled Java code, j=interpreted, Vv=VM code, C=native code)
V  [jvm.dll+0x643d1a]
V  [jvm.dll+0x7d6ce9]
V  [jvm.dll+0x7d83e9]
V  [jvm.dll+0x7d8ad3]
V  [jvm.dll+0x269425]
V  [jvm.dll+0x640f59]
V  [jvm.dll+0x635565]
V  [jvm.dll+0x3251fd]
V  [jvm.dll+0x325062]
V  [jvm.dll+0x329c96]
V  [jvm.dll+0x371ec0]
V  [jvm.dll+0x371932]
V  [jvm.dll+0x300b48]
V  [jvm.dll+0x301c45]
V  [jvm.dll+0x7b0127]
V  [jvm.dll+0x7b18ef]
V  [jvm.dll+0x37ef49]
V  [jvm.dll+0x791bef]
V  [jvm.dll+0x3ee397]
V  [jvm.dll+0x3f0851]
C  [jli.dll+0x52e7]
C  [ucrtbase.dll+0x21bb2]
C  [KERNEL32.DLL+0x17344]
C  [ntdll.dll+0x526b1]


---------------  P R O C E S S  ---------------

Threads class SMR info:
_java_thread_list=0x000002a18008ea20, length=0, elements={
}

Java Threads: ( => current thread )

Other Threads:
  0x000002a1823be800 GCTaskThread "GC Thread#0" [stack: 0x000000ee5a000000,0x000000ee5a100000] [id=34188]
  0x000002a182441000 ConcurrentGCThread "G1 Main Marker" [stack: 0x000000ee5a100000,0x000000ee5a200000] [id=23072]
  0x000002a182442800 ConcurrentGCThread "G1 Conc#0" [stack: 0x000000ee5a200000,0x000000ee5a300000] [id=36380]

[error occurred during error reporting (printing all threads), id 0xc0000005, EXCEPTION_ACCESS_VIOLATION (0xc0000005) at pc=0x00007ffafb3f1577]

VM state:not at safepoint (not fully initialized)

VM Mutex/Monitor currently owned by a thread:  ([mutex/lock_event])
[0x000002a1823a1cb0] Heap_lock - owner thread: 0x000002a1823a6000

Heap address: 0x0000000600c00000, size: 8180 MB, Compressed Oops mode: Non-zero based: 0x0000000600c00000
Narrow klass base: 0x0000000000000000, Narrow klass shift: 0

GC Heap History (0 events):
No events

Deoptimization events (0 events):
No events

Classes redefined (0 events):
No events

Internal exceptions (0 events):
No events

Events (1 events):
Event: 0.022 Loaded shared library C:\Program Files\BellSoft\LibericaJDK-11.0.20-Full\bin\zip.dll


Dynamic libraries:
0x00007ff6278a0000 - 0x00007ff6278ae000 	C:\Program Files\BellSoft\LibericaJDK-11.0.20-Full\bin\javaw.exe
0x00007ffb3ee90000 - 0x00007ffb3f088000 	C:\Windows\SYSTEM32\ntdll.dll
0x00007ffb3d440000 - 0x00007ffb3d4fd000 	C:\Windows\System32\KERNEL32.DLL
0x00007ffb3c660000 - 0x00007ffb3c956000 	C:\Windows\System32\KERNELBASE.dll
0x00007ffb3ca00000 - 0x00007ffb3cb00000 	C:\Windows\System32\ucrtbase.dll
0x00007ffb26c40000 - 0x00007ffb26c5b000 	C:\Program Files\BellSoft\LibericaJDK-11.0.20-Full\bin\VCRUNTIME140.dll
0x00007ffb22ea0000 - 0x00007ffb22eb7000 	C:\Program Files\BellSoft\LibericaJDK-11.0.20-Full\bin\jli.dll
0x00007ffb3ced0000 - 0x00007ffb3d06e000 	C:\Windows\System32\USER32.dll
0x00007ffb2a660000 - 0x00007ffb2a8fa000 	C:\Windows\WinSxS\amd64_microsoft.windows.common-controls_6595b64144ccf1df_6.0.19041.3636_none_60b6a03d71f818d5\COMCTL32.dll
0x00007ffb3d220000 - 0x00007ffb3d2be000 	C:\Windows\System32\msvcrt.dll
0x00007ffb3c550000 - 0x00007ffb3c572000 	C:\Windows\System32\win32u.dll
0x00007ffb3e790000 - 0x00007ffb3e7bb000 	C:\Windows\System32\GDI32.dll
0x00007ffb3cb30000 - 0x00007ffb3cc47000 	C:\Windows\System32\gdi32full.dll
0x00007ffb3c960000 - 0x00007ffb3c9fd000 	C:\Windows\System32\msvcp_win.dll
0x00007ffb3d400000 - 0x00007ffb3d432000 	C:\Windows\System32\IMM32.DLL
0x00007ffb31020000 - 0x00007ffb3102c000 	C:\Program Files\BellSoft\LibericaJDK-11.0.20-Full\bin\vcruntime140_1.dll
0x00007ffb0e1a0000 - 0x00007ffb0e22e000 	C:\Program Files\BellSoft\LibericaJDK-11.0.20-Full\bin\msvcp140.dll
0x00007ffafb0e0000 - 0x00007ffafbca2000 	C:\Program Files\BellSoft\LibericaJDK-11.0.20-Full\bin\server\jvm.dll
0x00007ffb3d770000 - 0x00007ffb3d823000 	C:\Windows\System32\ADVAPI32.dll
0x00007ffb3d070000 - 0x00007ffb3d10f000 	C:\Windows\System32\sechost.dll
0x00007ffb3d630000 - 0x00007ffb3d756000 	C:\Windows\System32\RPCRT4.dll
0x00007ffb3cb00000 - 0x00007ffb3cb27000 	C:\Windows\System32\bcrypt.dll
0x00007ffb3d3f0000 - 0x00007ffb3d3f8000 	C:\Windows\System32\PSAPI.DLL
0x00007ffb23850000 - 0x00007ffb23859000 	C:\Windows\SYSTEM32\WSOCK32.dll
0x00007ffb34a70000 - 0x00007ffb34a7a000 	C:\Windows\SYSTEM32\VERSION.dll
0x00007ffb30820000 - 0x00007ffb30847000 	C:\Windows\SYSTEM32\WINMM.dll
0x00007ffb3e7c0000 - 0x00007ffb3e82b000 	C:\Windows\System32\WS2_32.dll
0x00007ffb3a9e0000 - 0x00007ffb3a9f2000 	C:\Windows\SYSTEM32\kernel.appcore.dll
0x00007ffb2afd0000 - 0x00007ffb2afe0000 	C:\Program Files\BellSoft\LibericaJDK-11.0.20-Full\bin\verify.dll
0x00007ffb2fed0000 - 0x00007ffb300b4000 	C:\Windows\SYSTEM32\DBGHELP.DLL
0x00007ffb34710000 - 0x00007ffb34744000 	C:\Windows\SYSTEM32\dbgcore.DLL
0x00007ffb3c580000 - 0x00007ffb3c602000 	C:\Windows\System32\bcryptPrimitives.dll
0x00007ffb1ba90000 - 0x00007ffb1bab8000 	C:\Program Files\BellSoft\LibericaJDK-11.0.20-Full\bin\java.dll
0x00007ffb27eb0000 - 0x00007ffb27eba000 	C:\Program Files\BellSoft\LibericaJDK-11.0.20-Full\bin\jimage.dll
0x00007ffb1a480000 - 0x00007ffb1a498000 	C:\Program Files\BellSoft\LibericaJDK-11.0.20-Full\bin\zip.dll

dbghelp: loaded successfully - version: 4.0.5 - missing functions: none
symbol engine: initialized successfully - sym options: 0x614 - pdb path: .;C:\Program Files\BellSoft\LibericaJDK-11.0.20-Full\bin;C:\Windows\SYSTEM32;C:\Windows\WinSxS\amd64_microsoft.windows.common-controls_6595b64144ccf1df_6.0.19041.3636_none_60b6a03d71f818d5;C:\Program Files\BellSoft\LibericaJDK-11.0.20-Full\bin\server

VM Arguments:
jvm_args: -Dfile.encoding=UTF-8 
java_command: Tester
java_class_path (initial): H:\eclipse-workspace\Hotel\bin
Launcher Type: SUN_STANDARD

[Global flags]
     intx CICompilerCount                          = 4                                         {product} {ergonomic}
     uint ConcGCThreads                            = 2                                         {product} {ergonomic}
     uint G1ConcRefinementThreads                  = 8                                         {product} {ergonomic}
   size_t G1HeapRegionSize                         = 2097152                                   {product} {ergonomic}
    uintx GCDrainStackTargetSize                   = 64                                        {product} {ergonomic}
   size_t InitialHeapSize                          = 536870912                                 {product} {ergonomic}
   size_t MarkStackSize                            = 4194304                                   {product} {ergonomic}
   size_t MaxHeapSize                              = 8577351680                                {product} {ergonomic}
   size_t MinHeapDeltaBytes                        = 2097152                                   {product} {ergonomic}
    uintx NonNMethodCodeHeapSize                   = 5836300                                {pd product} {ergonomic}
    uintx NonProfiledCodeHeapSize                  = 122910970                              {pd product} {ergonomic}
    uintx ProfiledCodeHeapSize                     = 122910970                              {pd product} {ergonomic}
    uintx ReservedCodeCacheSize                    = 251658240                              {pd product} {ergonomic}
     bool SegmentedCodeCache                       = true                                      {product} {ergonomic}
     bool UseCompressedClassPointers               = true                                 {lp64_product} {ergonomic}
     bool UseCompressedOops                        = true                                 {lp64_product} {ergonomic}
     bool UseG1GC                                  = true                                      {product} {ergonomic}
     bool UseLargePagesIndividualAllocation        = false                                  {pd product} {ergonomic}

Logging:
Log output configuration:
 #0: stdout all=warning uptime,level,tags
 #1: stderr all=off uptime,level,tags

Environment Variables:
JAVA_HOME=C:\Program Files\BellSoft\LibericaJDK-11.0.20-Full\
PATH=C:/Program Files/BellSoft/LibericaJDK-11.0.20-Full/bin/server;C:/Program Files/BellSoft/LibericaJDK-11.0.20-Full/bin;C:\Program Files\BellSoft\LibericaJDK-11.0.20-Full\bin\;C:\Windows\system32;C:\Windows;C:\Windows\System32\Wbem;C:\Windows\System32\WindowsPowerShell\v1.0\;C:\Windows\System32\OpenSSH\;C:\Program Files\MATLAB\MATLAB Compiler Runtime\v80\runtime\win64;C:\Users\bgn518\AppData\Local\Microsoft\WindowsApps;;C:\Program Files\eclipse_2022-09;
USERNAME=bgn518
OS=Windows_NT
PROCESSOR_IDENTIFIER=AMD64 Family 25 Model 1 Stepping 1, AuthenticAMD
TMP=C:\Users\LOC5C5~1\Temp
TEMP=C:\Users\LOC5C5~1\Temp



---------------  S Y S T E M  ---------------

OS: Windows Server 2019 , 64 bit Build 19041 (10.0.19041.3636)
OS uptime: 7 days 19:24 hours
Hyper-V virtualization detected

CPU:total 8 (initial active 8) (16 cores per cpu, 2 threads per core) family 25 model 1 stepping 1 microcode 0x0, cmov, cx8, fxsr, mmx, sse, sse2, sse3, ssse3, sse4.1, sse4.2, popcnt, avx, avx2, aes, clmul, erms, mmxext, 3dnowpref, lzcnt, sse4a, ht, tsc, tscinvbit, tscinv, bmi1, bmi2, adx, sha, fma

Memory: 4k page, system-wide physical 32716M (19383M free)
TotalPageFile size 48902M (AvailPageFile size 332M)
current process WorkingSet (physical memory assigned to process): 10M, peak: 10M
current process commit charge ("private bytes"): 61M, peak: 573M

vm_info: OpenJDK 64-Bit Server VM (11.0.20+8-LTS) for windows-amd64 JRE (11.0.20+8-LTS), built on Jul 11 2023 14:54:06 by "" with MS VC++ 17.1 (VS2022)

END.
